Сборка начата 09.10.2016 0:53:20.
     1>Проект "C:\Users\806263\Desktop\Intelmet\Модули для RR\Grid2\RRModule.vcxproj" в узле 2 (целевые объекты Build).
     1>ClCompile:
         C:\Program Files (x86)\Microsoft Visual Studio 12.0\VC\bin\CL.exe /c /Zi /nologo /W3 /WX- /O2 /Ob1 /Oy- /D WIN32 /D NDEBUG /D _WINDOWS /D _USRDLL /D _CRT_SECURE_NO_WARNINGS /D _VC80_UPGRADE=0x0600 /D _WINDLL /D _MBCS /GF /Gm- /EHsc /MT /GS /Gy /fp:precise /Zc:wchar_t /Zc:forScope /Fo".\Release/" /Fd".\Release/vc120.pdb" /Gd /TP /analyze- /errorReport:prompt GridDlg.cpp RRModule.cpp
         GridDlg.cpp
     1>C:\Program Files (x86)\Microsoft Visual Studio 12.0\VC\atlmfc\include\afx.h(38): warning C4996: 'MBCS_Support_Deprecated_In_MFC': MBCS support in MFC is deprecated and may be removed in a future version of MFC.
                 C:\Program Files (x86)\Microsoft Visual Studio 12.0\VC\atlmfc\include\afx.h(33): см. объявление "MBCS_Support_Deprecated_In_MFC"
         _WIN32_WINNT not defined. Defaulting to _WIN32_WINNT_MAXVER (see WinSDKVer.h)
         RRModule.cpp
     1>C:\Program Files (x86)\Microsoft Visual Studio 12.0\VC\atlmfc\include\afx.h(38): warning C4996: 'MBCS_Support_Deprecated_In_MFC': MBCS support in MFC is deprecated and may be removed in a future version of MFC.
                 C:\Program Files (x86)\Microsoft Visual Studio 12.0\VC\atlmfc\include\afx.h(33): см. объявление "MBCS_Support_Deprecated_In_MFC"
         _WIN32_WINNT not defined. Defaulting to _WIN32_WINNT_MAXVER (see WinSDKVer.h)
         Создание кода...
     1>C:\Program Files (x86)\MSBuild\Microsoft.Cpp\v4.0\V120\Microsoft.CppBuild.targets(1186,5): warning MSB8012: TargetPath(C:\Users\806263\Desktop\Intelmet\Модули для RR\Grid2\.\Release\RRModule.dll) does not match the Linker's OutputFile property value (C:\Users\806263\Desktop\Intelmet\Модули для RR\Grid2\Release\Grid.dll). This may cause your project to build incorrectly. To correct this, please make sure that $(OutDir), $(TargetName) and $(TargetExt) property values match the value specified in %(Link.OutputFile).
     1>C:\Program Files (x86)\MSBuild\Microsoft.Cpp\v4.0\V120\Microsoft.CppBuild.targets(1188,5): warning MSB8012: TargetName(RRModule) does not match the Linker's OutputFile property value (Grid). This may cause your project to build incorrectly. To correct this, please make sure that $(OutDir), $(TargetName) and $(TargetExt) property values match the value specified in %(Link.OutputFile).
       Link:
         C:\Program Files (x86)\Microsoft Visual Studio 12.0\VC\bin\link.exe /ERRORREPORT:PROMPT /OUT:"Release/Grid.dll" /INCREMENTAL:NO /NOLOGO /DEF:".\RRModule.def" /MANIFEST /MANIFESTUAC:"level='asInvoker' uiAccess='false'" /manifest:embed /manifestinput:"C:\Program Files (x86)\Microsoft Visual Studio 12.0\VC\Include\Manifest\dpiaware.manifest" /PDB:".\Release/Queue.pdb" /SUBSYSTEM:WINDOWS /TLBID:1 /DYNAMICBASE /NXCOMPAT /IMPLIB:".\Release/Queue.lib" /MACHINE:X86 /SAFESEH /DLL .\Release\RRModule.res
         .\Release/ModuleDlg.obj
         .\Release/NameValueBuffer.obj
         .\Release/RRModule.obj
         .\Release/StdAfx.obj
         .\Release/GridDlg.obj
     1>.\RRModule.def(4): warning LNK4017: оператор DESCRIPTION не поддерживается на конечной платформе; пропущен
            Создается библиотека .\Release/Queue.lib и объект .\Release/Queue.exp
     1>Queue.exp : warning LNK4070: директива /OUT:RRModule.dll в .EXP отличается от имени выходного файла "Release/Grid.dll"; директива игнорируется
         RRModule.vcxproj -> C:\Users\806263\Desktop\Intelmet\Модули для RR\Grid2\.\Release\RRModule.dll
     1>Сборка проекта "C:\Users\806263\Desktop\Intelmet\Модули для RR\Grid2\RRModule.vcxproj" завершена (целевые объекты Build).

Сборка успешно завершена.

Затраченное время: 00:01:05.45
